<?xml version="1.0" encoding="UTF-8"?>
<!-- Generated by org.testng.reporters.JUnitXMLReporter -->
<testsuite ignored="4" hostname="Rahnas-MacBook-Pro.local" failures="0" tests="4" name="Default test" time="13.541" errors="0" timestamp="2020-08-09T17:45:11 IST">
  <testcase classname="com.qa.hubspot.tests.LoginPageTest" name="verifyDataProvider" time="0.879"/>
  <testcase classname="com.qa.hubspot.tests.LoginPageTest" name="verifyDataProvider" time="0.244"/>
  <testcase classname="com.qa.hubspot.tests.LoginPageTest" name="verifyDataProvider" time="0.222"/>
  <testcase classname="com.qa.hubspot.tests.LoginPageTest" name="verifyDataProvider" time="0.214"/>
  <testcase classname="com.qa.hubspot.tests.LoginPageTest" name="verifyLoginPageTitleTest" time="0.0">
    <ignored/>
  </testcase> <!-- verifyLoginPageTitleTest -->
  <testcase classname="com.qa.hubspot.tests.LoginPageTest" name="verifyHomePageTitleTest" time="0.0">
    <ignored/>
  </testcase> <!-- verifyHomePageTitleTest -->
  <testcase classname="com.qa.hubspot.tests.LoginPageTest" name="verifyLoginTest" time="0.0">
    <ignored/>
  </testcase> <!-- verifyLoginTest -->
  <testcase classname="com.qa.hubspot.tests.LoginPageTest" name="verifySignUpLinkTest" time="0.0">
    <ignored/>
  </testcase> <!-- verifySignUpLinkTest -->
</testsuite> <!-- Default test -->
