<?xml version="1.0" encoding="UTF-8"?>
<!-- Generated by org.testng.reporters.JUnitXMLReporter -->
<testsuite ignored="3" hostname="Rahnas-MacBook-Pro.local" failures="0" tests="6" name="hub spot sanity Test" time="23.603" errors="0" timestamp="2020-08-20T07:30:17 IST">
  <testcase classname="com.qa.hubspot.tests.HomePageTest" name="verifyHomePageTitleTest" time="0.031"/>
  <testcase classname="com.qa.hubspot.tests.HomePageTest" name="verifyHomePageAppLogo" time="0.123"/>
  <testcase classname="com.qa.hubspot.tests.HomePageTest" name="verifyHomePageHeaderValueTest" time="0.222"/>
  <testcase classname="com.qa.hubspot.tests.HomePageTest" name="verifySignout" time="0.856"/>
  <testcase classname="com.qa.hubspot.tests.LoginPageTest" name="verifyLoginPageTitleTest" time="7.651"/>
  <testcase classname="com.qa.hubspot.tests.LoginPageTest" name="verifySignUpLinkTest" time="7.622"/>
  <testcase classname="com.qa.hubspot.tests.LoginPageTest" name="verifyHomePageTitleTest" time="0.0">
    <ignored/>
  </testcase> <!-- verifyHomePageTitleTest -->
  <testcase classname="com.qa.hubspot.tests.LoginPageTest" name="verifyDataProvider" time="0.0">
    <ignored/>
  </testcase> <!-- verifyDataProvider -->
  <testcase classname="com.qa.hubspot.tests.LoginPageTest" name="verifyLoginTest" time="0.0">
    <ignored/>
  </testcase> <!-- verifyLoginTest -->
</testsuite> <!-- hub spot sanity Test -->
