<?xml version="1.0" encoding="UTF-8"?>
<testsuite xmlns:xsi="http://www.w3.org/2001/XMLSchema-instance" xsi:noNamespaceSchemaLocation="https://maven.apache.org/surefire/maven-surefire-plugin/xsd/surefire-test-report.xsd" name="TestSuite" time="24.43" tests="6" errors="0" skipped="0" failures="0">
  <properties>
[...]
</properties>
  <testcase name="verifyHomePageTitleTest" classname="com.qa.hubspot.tests.HomePageTest" time="0.033"/>
  <testcase name="verifyHomePageAppLogo" classname="com.qa.hubspot.tests.HomePageTest" time="0.071"/>
  <testcase name="verifyHomePageHeaderValueTest" classname="com.qa.hubspot.tests.HomePageTest" time="0.223"/>
  <testcase name="verifySignout" classname="com.qa.hubspot.tests.HomePageTest" time="0.855"/>
  <testcase name="verifyLoginPageTitleTest" classname="com.qa.hubspot.tests.LoginPageTest" time="7.299"/>
  <testcase name="verifySignUpLinkTest" classname="com.qa.hubspot.tests.LoginPageTest" time="7.323"/>
</testsuite>