<?xml version="1.0" encoding="UTF-8"?>
<!-- Generated by org.testng.reporters.JUnitXMLReporter -->
<testsuite ignored="3" hostname="Rahnas-MacBook-Pro.local" failures="0" tests="6" name="hub spot sanity Test" time="17.538" errors="0" timestamp="2020-08-15T18:59:49 IST">
  <testcase classname="com.qa.hubspot.tests.HomePageTest" name="verifyHomePageTitleTest" time="0.016"/>
  <testcase classname="com.qa.hubspot.tests.HomePageTest" name="verifyHomePageAppLogo" time="0.058"/>
  <testcase classname="com.qa.hubspot.tests.HomePageTest" name="verifyHomePageHeaderValueTest" time="0.089"/>
  <testcase classname="com.qa.hubspot.tests.HomePageTest" name="verifySignout" time="0.866"/>
  <testcase classname="com.qa.hubspot.tests.LoginPageTest" name="verifyLoginPageTitleTest" time="4.918"/>
  <testcase classname="com.qa.hubspot.tests.LoginPageTest" name="verifySignUpLinkTest" time="4.933"/>
  <testcase classname="com.qa.hubspot.tests.LoginPageTest" name="verifyHomePageTitleTest" time="0.0">
    <ignored/>
  </testcase> <!-- verifyHomePageTitleTest -->
  <testcase classname="com.qa.hubspot.tests.LoginPageTest" name="verifyDataProvider" time="0.0">
    <ignored/>
  </testcase> <!-- verifyDataProvider -->
  <testcase classname="com.qa.hubspot.tests.LoginPageTest" name="verifyLoginTest" time="0.0">
    <ignored/>
  </testcase> <!-- verifyLoginTest -->
</testsuite> <!-- hub spot sanity Test -->
